<?xml version="1.0" encoding="UTF-8"?>
<!-- Generated by org.testng.reporters.JUnitReportReporter -->
<testsuite hostname="LAPTOP-5B9G6GKJ" failures="0" tests="2" name="TestCase.RegisterTestCase" time="5.236" errors="0" timestamp="2022-11-16T11:01:58 IST" skipped="0">
  <testcase classname="TestCase.RegisterTestCase" name="testExistingInputFields" time="1.543"/>
  <system-out/>
  <testcase classname="TestCase.RegisterTestCase" name="newUserRegisterTest" time="3.693"/>
  <system-out/>
</testsuite> <!-- TestCase.RegisterTestCase -->
