<?xml version="1.0" encoding="UTF-8"?>
<!-- Generated by org.testng.reporters.JUnitReportReporter -->
<testsuite hostname="LAPTOP-5B9G6GKJ" failures="0" tests="4" name="TestCase.LoginTestCase" time="4.040" errors="0" timestamp="2022-11-15T22:45:59 IST" skipped="0">
  <testcase classname="TestCase.LoginTestCase" name="invalidUsernameValidPasswordLoginTest" time="0.882"/>
  <system-out/>
  <testcase classname="TestCase.LoginTestCase" name="validUsernameInvalidPasswordLoginTest" time="0.662"/>
  <system-out/>
  <testcase classname="TestCase.LoginTestCase" name="invalidUsernameInvalidPasswordLoginTest" time="0.716"/>
  <system-out/>
  <testcase classname="TestCase.LoginTestCase" name="ValidloginTest" time="1.780"/>
  <system-out/>
</testsuite> <!-- TestCase.LoginTestCase -->
