<?xml version="1.0" encoding="UTF-8"?>
<!-- Generated by org.testng.reporters.JUnitReportReporter -->
<testsuite hostname="LAPTOP-5B9G6GKJ" failures="0" tests="4" name="TestCase.LoginTestCase" time="4.180" errors="0" timestamp="2022-11-16T11:01:58 IST" skipped="0">
  <testcase classname="TestCase.LoginTestCase" name="invalidUsernameValidPasswordLoginTest" time="0.931"/>
  <system-out/>
  <testcase classname="TestCase.LoginTestCase" name="validUsernameInvalidPasswordLoginTest" time="0.855"/>
  <system-out/>
  <testcase classname="TestCase.LoginTestCase" name="invalidUsernameInvalidPasswordLoginTest" time="0.713"/>
  <system-out/>
  <testcase classname="TestCase.LoginTestCase" name="ValidloginTest" time="1.681"/>
  <system-out/>
</testsuite> <!-- TestCase.LoginTestCase -->
